app/build/intermediates/manifest_merge_blame_file/debug/processDebugMainManifest/manifest-merger-blame-debug-report.txt
1<?xml version="1.0" encoding="utf-8"?>
2<manifest xmlns:android="http://schemas.android.com/apk/res/android"
3    package="com.example.oakdtest"
4    android:versionCode="1"
5    android:versionName="1.0" >
6
7    <uses-sdk
8        android:minSdkVersion="28"
9        android:targetSdkVersion="36" />
10
11    <!-- USB Host Feature -->
12    <uses-feature
12-->src\main\AndroidManifest.xml:5:5-62
13        android:name="android.hardware.usb.host"
13-->src\main\AndroidManifest.xml:5:19-59
14        android:required="true" />
14-->[depthai-android.aar] AndroidManifest.xml:9:9-32
15
16    <!-- Camera Hardware Feature -->
17    <uses-feature
17-->src\main\AndroidManifest.xml:8:5-84
18        android:name="android.hardware.camera"
18-->src\main\AndroidManifest.xml:8:19-57
19        android:required="true" />
19-->src\main\AndroidManifest.xml:8:58-81
20
21    <!-- Permissions -->
22    <uses-permission android:name="android.permission.CAMERA" />
22-->src\main\AndroidManifest.xml:11:5-65
22-->src\main\AndroidManifest.xml:11:22-62
23    <uses-permission android:name="android.permission.READ_EXTERNAL_STORAGE" />
23-->src\main\AndroidManifest.xml:12:5-80
23-->src\main\AndroidManifest.xml:12:22-77
24    <uses-permission android:name="android.permission.WRITE_EXTERNAL_STORAGE" />
24-->src\main\AndroidManifest.xml:13:5-81
24-->src\main\AndroidManifest.xml:13:22-78
25
26    <permission
26-->[androidx.core:core:1.13.0] AndroidManifest.xml:22:5-24:47
27        android:name="com.example.oakdtest.DYNAMIC_RECEIVER_NOT_EXPORTED_PERMISSION"
27-->[androidx.core:core:1.13.0] AndroidManifest.xml:23:9-81
28        android:protectionLevel="signature" />
28-->[androidx.core:core:1.13.0] AndroidManifest.xml:24:9-44
29
30    <uses-permission android:name="com.example.oakdtest.DYNAMIC_RECEIVER_NOT_EXPORTED_PERMISSION" />
30-->[androidx.core:core:1.13.0] AndroidManifest.xml:26:5-97
30-->[androidx.core:core:1.13.0] AndroidManifest.xml:26:22-94
31
32    <application
32-->src\main\AndroidManifest.xml:15:5-50:19
33        android:allowBackup="true"
33-->src\main\AndroidManifest.xml:16:13-39
34        android:appComponentFactory="androidx.core.app.CoreComponentFactory"
34-->[androidx.core:core:1.13.0] AndroidManifest.xml:28:18-86
35        android:debuggable="true"
36        android:extractNativeLibs="true"
37        android:label="@string/app_name"
37-->src\main\AndroidManifest.xml:17:13-45
38        android:supportsRtl="true"
38-->src\main\AndroidManifest.xml:18:13-39
39        android:testOnly="true"
40        android:theme="@style/Theme.OakDTest" >
40-->src\main\AndroidManifest.xml:19:13-50
41
42        <!-- Main Activity -->
43        <activity
43-->src\main\AndroidManifest.xml:22:9-39:20
44            android:name="com.example.oakdtest.MainActivity"
44-->src\main\AndroidManifest.xml:23:17-45
45            android:exported="true" > <!-- REQUIRED for Android 12+ -->
45-->src\main\AndroidManifest.xml:24:17-40
46
47            <intent-filter>
47-->src\main\AndroidManifest.xml:26:13-29:29
48                <action android:name="android.intent.action.MAIN" />
48-->src\main\AndroidManifest.xml:27:17-69
48-->src\main\AndroidManifest.xml:27:25-66
49
50                <category android:name="android.intent.category.LAUNCHER" />
50-->src\main\AndroidManifest.xml:28:17-77
50-->src\main\AndroidManifest.xml:28:27-74
51            </intent-filter>
52
53            <!-- USB Device Attached -->
54            <intent-filter>
54-->src\main\AndroidManifest.xml:32:13-34:29
55                <action android:name="android.hardware.usb.action.USB_DEVICE_ATTACHED" />
55-->src\main\AndroidManifest.xml:33:17-90
55-->src\main\AndroidManifest.xml:33:25-87
56            </intent-filter>
57
58            <meta-data
58-->src\main\AndroidManifest.xml:36:13-38:61
59                android:name="android.hardware.usb.action.USB_DEVICE_ATTACHED"
59-->src\main\AndroidManifest.xml:37:21-83
60                android:resource="@xml/device_filter" />
60-->src\main\AndroidManifest.xml:38:21-58
61        </activity>
62
63        <!-- Broadcast Receiver for USB permission -->
64        <receiver
64-->src\main\AndroidManifest.xml:42:9-48:20
65            android:name="com.example.oakdtest.UsbPermissionReceiver"
65-->src\main\AndroidManifest.xml:43:17-54
66            android:exported="true" >
66-->src\main\AndroidManifest.xml:44:17-40
67            <intent-filter>
67-->src\main\AndroidManifest.xml:45:13-47:29
68                <action android:name="com.example.oakdtest.USB_PERMISSION" />
68-->src\main\AndroidManifest.xml:46:17-78
68-->src\main\AndroidManifest.xml:46:25-75
69            </intent-filter>
70        </receiver>
71
72        <provider
72-->[androidx.emoji2:emoji2:1.3.0] AndroidManifest.xml:24:9-32:20
73            android:name="androidx.startup.InitializationProvider"
73-->[androidx.emoji2:emoji2:1.3.0] AndroidManifest.xml:25:13-67
74            android:authorities="com.example.oakdtest.androidx-startup"
74-->[androidx.emoji2:emoji2:1.3.0] AndroidManifest.xml:26:13-68
75            android:exported="false" >
75-->[androidx.emoji2:emoji2:1.3.0] AndroidManifest.xml:27:13-37
76            <meta-data
76-->[androidx.emoji2:emoji2:1.3.0] AndroidManifest.xml:29:13-31:52
77                android:name="androidx.emoji2.text.EmojiCompatInitializer"
77-->[androidx.emoji2:emoji2:1.3.0] AndroidManifest.xml:30:17-75
78                android:value="androidx.startup" />
78-->[androidx.emoji2:emoji2:1.3.0] AndroidManifest.xml:31:17-49
79            <meta-data
79-->[androidx.lifecycle:lifecycle-process:2.6.2] AndroidManifest.xml:29:13-31:52
80                android:name="androidx.lifecycle.ProcessLifecycleInitializer"
80-->[androidx.lifecycle:lifecycle-process:2.6.2] AndroidManifest.xml:30:17-78
81                android:value="androidx.startup" />
81-->[androidx.lifecycle:lifecycle-process:2.6.2] AndroidManifest.xml:31:17-49
82            <meta-data
82-->[androidx.profileinstaller:profileinstaller:1.3.1] AndroidManifest.xml:29:13-31:52
83                android:name="androidx.profileinstaller.ProfileInstallerInitializer"
83-->[androidx.profileinstaller:profileinstaller:1.3.1] AndroidManifest.xml:30:17-85
84                android:value="androidx.startup" />
84-->[androidx.profileinstaller:profileinstaller:1.3.1] AndroidManifest.xml:31:17-49
85        </provider>
86
87        <receiver
87-->[androidx.profileinstaller:profileinstaller:1.3.1] AndroidManifest.xml:34:9-52:20
88            android:name="androidx.profileinstaller.ProfileInstallReceiver"
88-->[androidx.profileinstaller:profileinstaller:1.3.1] AndroidManifest.xml:35:13-76
89            android:directBootAware="false"
89-->[androidx.profileinstaller:profileinstaller:1.3.1] AndroidManifest.xml:36:13-44
90            android:enabled="true"
90-->[androidx.profileinstaller:profileinstaller:1.3.1] AndroidManifest.xml:37:13-35
91            android:exported="true"
91-->[androidx.profileinstaller:profileinstaller:1.3.1] AndroidManifest.xml:38:13-36
92            android:permission="android.permission.DUMP" >
92-->[androidx.profileinstaller:profileinstaller:1.3.1] AndroidManifest.xml:39:13-57
93            <intent-filter>
93-->[androidx.profileinstaller:profileinstaller:1.3.1] AndroidManifest.xml:40:13-42:29
94                <action android:name="androidx.profileinstaller.action.INSTALL_PROFILE" />
94-->[androidx.profileinstaller:profileinstaller:1.3.1] AndroidManifest.xml:41:17-91
94-->[androidx.profileinstaller:profileinstaller:1.3.1] AndroidManifest.xml:41:25-88
95            </intent-filter>
96            <intent-filter>
96-->[androidx.profileinstaller:profileinstaller:1.3.1] AndroidManifest.xml:43:13-45:29
97                <action android:name="androidx.profileinstaller.action.SKIP_FILE" />
97-->[androidx.profileinstaller:profileinstaller:1.3.1] AndroidManifest.xml:44:17-85
97-->[androidx.profileinstaller:profileinstaller:1.3.1] AndroidManifest.xml:44:25-82
98            </intent-filter>
99            <intent-filter>
99-->[androidx.profileinstaller:profileinstaller:1.3.1] AndroidManifest.xml:46:13-48:29
100                <action android:name="androidx.profileinstaller.action.SAVE_PROFILE" />
100-->[androidx.profileinstaller:profileinstaller:1.3.1] AndroidManifest.xml:47:17-88
100-->[androidx.profileinstaller:profileinstaller:1.3.1] AndroidManifest.xml:47:25-85
101            </intent-filter>
102            <intent-filter>
102-->[androidx.profileinstaller:profileinstaller:1.3.1] AndroidManifest.xml:49:13-51:29
103                <action android:name="androidx.profileinstaller.action.BENCHMARK_OPERATION" />
103-->[androidx.profileinstaller:profileinstaller:1.3.1] AndroidManifest.xml:50:17-95
103-->[androidx.profileinstaller:profileinstaller:1.3.1] AndroidManifest.xml:50:25-92
104            </intent-filter>
105        </receiver>
106    </application>
107
108</manifest>